{
  "RSpec": {
    "coverage": {
      "/Users/jonathanbernesser/Turing/3module/rails_engine/app/controllers/api/v1/models/find_controller.rb": [
        0,
        0,
        0,
        0,
        0,
        0,
        0,
        0,
        0,
        0,
        0
      ],
      "/Users/jonathanbernesser/Turing/3module/rails_engine/app/controllers/api/v1/models/logic_controller.rb": [
        0,
        0,
        0,
        0,
        0,
        0,
        0,
        0,
        0,
        0
      ],
      "/Users/jonathanbernesser/Turing/3module/rails_engine/app/controllers/api/v1/models/random_controller.rb": [
        0,
        0,
        0,
        0,
        0
      ],
      "/Users/jonathanbernesser/Turing/3module/rails_engine/app/controllers/api/v1/models/relationships_controller.rb": [
        0,
        0,
        0,
        0,
        0
      ],
      "/Users/jonathanbernesser/Turing/3module/rails_engine/app/controllers/api/v1/models_controller.rb": [
        0,
        0,
        0,
        0,
        0,
        0,
        0,
        0,
        0
      ],
      "/Users/jonathanbernesser/Turing/3module/rails_engine/app/controllers/api_controller.rb": [
        0,
        0,
        0,
        0,
        0,
        0
      ],
      "/Users/jonathanbernesser/Turing/3module/rails_engine/app/controllers/application_controller.rb": [
        0,
        0,
        0,
        0,
        0
      ],
      "/Users/jonathanbernesser/Turing/3module/rails_engine/app/models/customer.rb": [
        0,
        0,
        0,
        0
      ],
      "/Users/jonathanbernesser/Turing/3module/rails_engine/app/models/invoice.rb": [
        0,
        0,
        0,
        0,
        0,
        0,
        0
      ],
      "/Users/jonathanbernesser/Turing/3module/rails_engine/app/models/invoice_item.rb": [
        0,
        0,
        0,
        0
      ],
      "/Users/jonathanbernesser/Turing/3module/rails_engine/app/models/item.rb": [
        0,
        0,
        0,
        0,
        0
      ],
      "/Users/jonathanbernesser/Turing/3module/rails_engine/app/models/merchant.rb": [
        0,
        0,
        0,
        0,
        0,
        0,
        0,
        0,
        0,
        0,
        0,
        0,
        0,
        0,
        0,
        0,
        0,
        0,
        0,
        0,
        0,
        0,
        0,
        0,
        0,
        0,
        0
      ],
      "/Users/jonathanbernesser/Turing/3module/rails_engine/app/models/transaction.rb": [
        0,
        0,
        0
      ],
      "/Users/jonathanbernesser/Turing/3module/rails_engine/app/serializers/customer_serializer.rb": [
        0,
        0,
        0
      ],
      "/Users/jonathanbernesser/Turing/3module/rails_engine/app/serializers/invoice_item_serializer.rb": [
        0,
        0,
        0,
        0,
        0,
        0,
        0,
        0
      ],
      "/Users/jonathanbernesser/Turing/3module/rails_engine/app/serializers/invoice_serializer.rb": [
        0,
        0,
        0
      ],
      "/Users/jonathanbernesser/Turing/3module/rails_engine/app/serializers/item_serializer.rb": [
        0,
        0,
        0,
        0,
        0,
        0,
        0,
        0
      ],
      "/Users/jonathanbernesser/Turing/3module/rails_engine/app/serializers/merchant_serializer.rb": [
        0,
        0,
        0,
        0,
        0,
        0,
        0
      ],
      "/Users/jonathanbernesser/Turing/3module/rails_engine/app/serializers/transaction_serializer.rb": [
        0,
        0,
        0
      ],
      "/Users/jonathanbernesser/Turing/3module/rails_engine/app/services/formatter_service.rb": [
        0,
        0,
        0,
        0,
        0,
        0
      ],
      "/Users/jonathanbernesser/Turing/3module/rails_engine/app/services/models_service.rb": [
        0,
        0,
        0,
        0,
        0,
        0,
        0,
        0,
        0,
        0,
        0,
        0,
        0,
        0,
        0,
        0,
        0,
        0,
        0,
        0,
        0,
        0,
        0,
        0,
        0
      ],
      "/Users/jonathanbernesser/Turing/3module/rails_engine/lib/application_responder.rb": [
        0,
        0,
        0,
        0,
        0,
        0,
        0,
        0
      ],
      "/Users/jonathanbernesser/Turing/3module/rails_engine/lib/csv_loader.rb": [
        0,
        0,
        0,
        0,
        0,
        0,
        0,
        0,
        0
      ]
    },
    "timestamp": 1464903486
  }
}
