{
  "RSpec": {
    "coverage": {
      "/Users/jonathanbernesser/Turing/3module/rails_engine/app/helpers/application_helper.rb": [
        1,
        null
      ],
      "/Users/jonathanbernesser/Turing/3module/rails_engine/app/models/customer.rb": [
        1,
        1,
        1,
        null
      ],
      "/Users/jonathanbernesser/Turing/3module/rails_engine/app/models/invoice_item.rb": [
        1,
        1,
        1,
        null
      ],
      "/Users/jonathanbernesser/Turing/3module/rails_engine/app/models/invoice.rb": [
        1,
        1,
        1,
        1,
        1,
        1,
        null
      ],
      "/Users/jonathanbernesser/Turing/3module/rails_engine/app/models/item.rb": [
        1,
        1,
        1,
        1,
        null
      ],
      "/Users/jonathanbernesser/Turing/3module/rails_engine/app/models/merchant.rb": [
        1,
        1,
        1,
        null
      ],
      "/Users/jonathanbernesser/Turing/3module/rails_engine/app/models/transaction.rb": [
        1,
        1,
        null
      ],
      "/Users/jonathanbernesser/Turing/3module/rails_engine/app/controllers/api/v1/invoices_controller.rb": [
        1,
        null
      ],
      "/Users/jonathanbernesser/Turing/3module/rails_engine/app/controllers/api/v1/objects_controller.rb": [
        1,
        1,
        null,
        1,
        6,
        null,
        null,
        1,
        6,
        null,
        null,
        1,
        37,
        null,
        null,
        1,
        35,
        null,
        null,
        1,
        6,
        null,
        null,
        1,
        null,
        1,
        72,
        null,
        null,
        1,
        90,
        4,
        null,
        null,
        null,
        1,
        null,
        72,
        null,
        null,
        1,
        90,
        null,
        null,
        null
      ],
      "/Users/jonathanbernesser/Turing/3module/rails_engine/app/controllers/api_controller.rb": [
        1,
        1,
        1,
        1,
        null
      ],
      "/Users/jonathanbernesser/Turing/3module/rails_engine/app/controllers/application_controller.rb": [
        1,
        null,
        1,
        null,
        null,
        1,
        null
      ],
      "/Users/jonathanbernesser/Turing/3module/rails_engine/lib/application_responder.rb": [
        1,
        1,
        1,
        null,
        null,
        null,
        null,
        null
      ],
      "/Users/jonathanbernesser/Turing/3module/rails_engine/app/serializers/invoice_serializer.rb": [
        1,
        1,
        null
      ],
      "/Users/jonathanbernesser/Turing/3module/rails_engine/app/controllers/api/v1/customers/transactions_controller.rb": [
        1,
        null,
        1,
        1,
        null,
        null
      ],
      "/Users/jonathanbernesser/Turing/3module/rails_engine/app/serializers/transaction_serializer.rb": [
        1,
        1,
        null
      ],
      "/Users/jonathanbernesser/Turing/3module/rails_engine/app/controllers/api/v1/customers_controller.rb": [
        1,
        null
      ],
      "/Users/jonathanbernesser/Turing/3module/rails_engine/app/serializers/customer_serializer.rb": [
        1,
        1,
        null
      ],
      "/Users/jonathanbernesser/Turing/3module/rails_engine/app/controllers/api/v1/invoice_items/invoice_controller.rb": [
        1,
        null
      ],
      "/Users/jonathanbernesser/Turing/3module/rails_engine/app/controllers/api/v1/invoice_items/relationships_controller.rb": [
        1,
        null,
        1,
        2,
        null,
        null,
        null
      ],
      "/Users/jonathanbernesser/Turing/3module/rails_engine/app/controllers/api/v1/invoice_items/item_controller.rb": [
        1,
        null
      ],
      "/Users/jonathanbernesser/Turing/3module/rails_engine/app/serializers/item_serializer.rb": [
        1,
        1,
        null,
        1,
        21,
        null,
        null,
        null
      ],
      "/Users/jonathanbernesser/Turing/3module/rails_engine/app/controllers/api/v1/invoice_items_controller.rb": [
        1,
        null
      ],
      "/Users/jonathanbernesser/Turing/3module/rails_engine/app/serializers/invoice_item_serializer.rb": [
        1,
        1,
        null,
        1,
        22,
        null,
        null,
        null
      ],
      "/Users/jonathanbernesser/Turing/3module/rails_engine/app/controllers/api/v1/transactions_controller.rb": [
        1,
        null
      ],
      "/Users/jonathanbernesser/Turing/3module/rails_engine/app/controllers/api/v1/invoices/items_controller.rb": [
        1,
        null
      ],
      "/Users/jonathanbernesser/Turing/3module/rails_engine/app/controllers/api/v1/invoices/relationships_controller.rb": [
        1,
        null,
        1,
        1,
        null,
        null,
        1,
        2,
        null,
        null,
        null,
        1,
        null,
        1,
        3,
        null,
        null,
        null
      ],
      "/Users/jonathanbernesser/Turing/3module/rails_engine/app/controllers/api/v1/invoices/customer_controller.rb": [
        1,
        null
      ],
      "/Users/jonathanbernesser/Turing/3module/rails_engine/app/controllers/api/v1/invoices/merchant_controller.rb": [
        1,
        null
      ],
      "/Users/jonathanbernesser/Turing/3module/rails_engine/app/serializers/merchant_serializer.rb": [
        1,
        1,
        null
      ],
      "/Users/jonathanbernesser/Turing/3module/rails_engine/app/controllers/api/v1/items/merchant_controller.rb": [
        1,
        null,
        1,
        1,
        null,
        null,
        null
      ],
      "/Users/jonathanbernesser/Turing/3module/rails_engine/app/controllers/api/v1/items_controller.rb": [
        1,
        null,
        null
      ],
      "/Users/jonathanbernesser/Turing/3module/rails_engine/app/controllers/api/v1/merchants_controller.rb": [
        1,
        null,
        null
      ],
      "/Users/jonathanbernesser/Turing/3module/rails_engine/app/controllers/api/v1/transactions/invoice_controller.rb": [
        1,
        null,
        1,
        1,
        null,
        null
      ],
      "/Users/jonathanbernesser/Turing/3module/rails_engine/app/controllers/api/v1/relationship_controller.rb": [
        0,
        0
      ]
    },
    "timestamp": 1464826790
  }
}
